-------------------------------------------------------------------------------
Test set: com.remoteboatx.vrgpservice.VrgpServiceApplicationTests
-------------------------------------------------------------------------------
Tests run: 1, Failures: 0, Errors: 1, Skipped: 0, Time elapsed: 0.24 s <<< FAILURE! - in com.remoteboatx.vrgpservice.VrgpServiceApplicationTests
com.remoteboatx.vrgpservice.VrgpServiceApplicationTests  Time elapsed: 0.239 s  <<< ERROR!
java.lang.IllegalStateException: Unable to find a @SpringBootConfiguration, you need to use @ContextConfiguration or @SpringBootTest(classes=...) with your test

